<?xml version="1.0" encoding="UTF-8"?>
<!-- Generated by org.testng.reporters.JUnitReportReporter -->
<testsuite hostname="CHDSEZ578256L" failures="0" tests="7" name="ccom.EBank.testscenario.TransactionTest" time="46.629" errors="0" timestamp="2022-08-23T23:06:13 IST" skipped="0">
  <testcase classname="ccom.EBank.testscenario.TransactionTest" name="SignUpTest" time="4.703"/>
  <system-out/>
  <testcase classname="ccom.EBank.testscenario.TransactionTest" name="ForgotPassTest" time="3.139"/>
  <system-out/>
  <testcase classname="ccom.EBank.testscenario.TransactionTest" name="LogInPageCheckTest" time="0.181"/>
  <system-out/>
  <testcase classname="ccom.EBank.testscenario.TransactionTest" name="LoginTestCheckTest" time="23.969"/>
  <system-out/>
  <testcase classname="ccom.EBank.testscenario.TransactionTest" name="ViewTransactionsTest" time="9.009"/>
  <system-out/>
  <testcase classname="ccom.EBank.testscenario.TransactionTest" name="ServicesPageTest" time="2.965"/>
  <system-out/>
  <testcase classname="ccom.EBank.testscenario.TransactionTest" name="LogOutPageTest" time="2.663"/>
  <system-out/>
</testsuite> <!-- ccom.EBank.testscenario.TransactionTest -->
